Started GET "/" for ::1 at 2021-04-12 09:47:13 +0530
  
ActiveRecord::NoDatabaseError (FATAL:  database "blogger_development" does not exist
):
  
activerecord (5.2.4.4) lib/active_record/connection_adapters/postgresql_adapter.rb:696:in `rescue in connect'
activerecord (5.2.4.4) lib/active_record/connection_adapters/postgresql_adapter.rb:691:in `connect'
activerecord (5.2.4.4) lib/active_record/connection_adapters/postgresql_adapter.rb:223:in `initialize'
activerecord (5.2.4.4) lib/active_record/connection_adapters/postgresql_adapter.rb:48:in `new'
activerecord (5.2.4.4) lib/active_record/connection_adapters/postgresql_adapter.rb:48:in `postgresql_connection'
activerecord (5.2.4.4) lib/active_record/connection_adapters/abstract/connection_pool.rb:830:in `new_connection'
activerecord (5.2.4.4) lib/active_record/connection_adapters/abstract/connection_pool.rb:874:in `checkout_new_connection'
activerecord (5.2.4.4) lib/active_record/connection_adapters/abstract/connection_pool.rb:853:in `try_to_checkout_new_connection'
activerecord (5.2.4.4) lib/active_record/connection_adapters/abstract/connection_pool.rb:814:in `acquire_connection'
activerecord (5.2.4.4) lib/active_record/connection_adapters/abstract/connection_pool.rb:538:in `checkout'
activerecord (5.2.4.4) lib/active_record/connection_adapters/abstract/connection_pool.rb:382:in `connection'
activerecord (5.2.4.4) lib/active_record/connection_adapters/abstract/connection_pool.rb:1033:in `retrieve_connection'
activerecord (5.2.4.4) lib/active_record/connection_handling.rb:118:in `retrieve_connection'
activerecord (5.2.4.4) lib/active_record/connection_handling.rb:90:in `connection'
activerecord (5.2.4.4) lib/active_record/migration.rb:554:in `call'
actionpack (5.2.4.4) lib/action_dispatch/middleware/callbacks.rb:28:in `block in call'
activesupport (5.2.4.4) lib/active_support/callbacks.rb:98:in `run_callbacks'
actionpack (5.2.4.4) lib/action_dispatch/middleware/callbacks.rb:26:in `call'
actionpack (5.2.4.4) lib/action_dispatch/middleware/executor.rb:14:in `call'
actionpack (5.2.4.4) lib/action_dispatch/middleware/debug_exceptions.rb:61:in `call'
web-console (3.7.0) lib/web_console/middleware.rb:135:in `call_app'
web-console (3.7.0) lib/web_console/middleware.rb:30:in `block in call'
web-console (3.7.0) lib/web_console/middleware.rb:20:in `catch'
web-console (3.7.0) lib/web_console/middleware.rb:20:in `call'
actionpack (5.2.4.4) lib/action_dispatch/middleware/show_exceptions.rb:33:in `call'
railties (5.2.4.4) lib/rails/rack/logger.rb:38:in `call_app'
railties (5.2.4.4) lib/rails/rack/logger.rb:26:in `block in call'
activesupport (5.2.4.4) lib/active_support/tagged_logging.rb:71:in `block in tagged'
activesupport (5.2.4.4) lib/active_support/tagged_logging.rb:28:in `tagged'
activesupport (5.2.4.4) lib/active_support/tagged_logging.rb:71:in `tagged'
railties (5.2.4.4) lib/rails/rack/logger.rb:26:in `call'
sprockets-rails (3.2.2) lib/sprockets/rails/quiet_assets.rb:13:in `call'
actionpack (5.2.4.4) lib/action_dispatch/middleware/remote_ip.rb:81:in `call'
actionpack (5.2.4.4) lib/action_dispatch/middleware/request_id.rb:27:in `call'
rack (2.2.3) lib/rack/method_override.rb:24:in `call'
rack (2.2.3) lib/rack/runtime.rb:22:in `call'
activesupport (5.2.4.4) lib/active_support/cache/strategy/local_cache_middleware.rb:29:in `call'
actionpack (5.2.4.4) lib/action_dispatch/middleware/executor.rb:14:in `call'
actionpack (5.2.4.4) lib/action_dispatch/middleware/static.rb:127:in `call'
rack (2.2.3) lib/rack/sendfile.rb:110:in `call'
railties (5.2.4.4) lib/rails/engine.rb:524:in `call'
puma (3.12.6) lib/puma/configuration.rb:227:in `call'
puma (3.12.6) lib/puma/server.rb:706:in `handle_request'
puma (3.12.6) lib/puma/server.rb:476:in `process_client'
puma (3.12.6) lib/puma/server.rb:334:in `block in run'
puma (3.12.6) lib/puma/thread_pool.rb:135:in `block in spawn_thread'
  [1m[35m (0.2ms)[0m  [1m[35mDROP DATABASE IF EXISTS "blogger_development"[0m
  ↳ /home/harsh/.rvm/gems/ruby-2.6.5@blogger/bin/rake:23
  [1m[35m (0.2ms)[0m  [1m[35mDROP DATABASE IF EXISTS "blogger_test"[0m
  ↳ /home/harsh/.rvm/gems/ruby-2.6.5@blogger/bin/rake:23
  [1m[35m (1958.5ms)[0m  [1m[35mCREATE DATABASE "blogger_development" ENCODING = 'unicode'[0m
  ↳ /home/harsh/.rvm/gems/ruby-2.6.5@blogger/bin/rake:23
  [1m[35m (656.5ms)[0m  [1m[35mCREATE DATABASE "blogger_test" ENCODING = 'unicode'[0m
  ↳ /home/harsh/.rvm/gems/ruby-2.6.5@blogger/bin/rake:23
  [1m[35mSQL (0.4ms)[0m  [1m[35mCREATE EXTENSION IF NOT EXISTS "plpgsql"[0m
  ↳ db/schema.rb:16
  [1m[35m (0.3ms)[0m  [1m[35mDROP TABLE IF EXISTS "articles" CASCADE[0m
  ↳ db/schema.rb:18
  [1m[35m (122.5ms)[0m  [1m[35mCREATE TABLE "articles" ("id" bigserial primary key, "title" character varying, "body" text, "created_at" timestamp NOT NULL, "updated_at" timestamp NOT NULL, "image_file_name" character varying, "image_content_type" character varying, "image_file_size" integer, "image_updated_at" timestamp, "view_count" integer DEFAULT 0, "author_id" integer)[0m
  ↳ db/schema.rb:18
  [1m[35m (0.3ms)[0m  [1m[35mDROP TABLE IF EXISTS "authors" CASCADE[0m
  ↳ db/schema.rb:31
  [1m[35m (76.8ms)[0m  [1m[35mCREATE TABLE "authors" ("id" bigserial primary key, "username" character varying NOT NULL, "email" character varying NOT NULL, "crypted_password" character varying NOT NULL, "salt" character varying NOT NULL, "created_at" timestamp NOT NULL, "updated_at" timestamp NOT NULL)[0m
  ↳ db/schema.rb:31
  [1m[35m (53.5ms)[0m  [1m[35mCREATE UNIQUE INDEX  "index_authors_on_email" ON "authors"  ("email")[0m
  ↳ db/schema.rb:31
  [1m[35m (0.2ms)[0m  [1m[35mDROP TABLE IF EXISTS "comments" CASCADE[0m
  ↳ db/schema.rb:41
  [1m[35m (88.1ms)[0m  [1m[35mCREATE TABLE "comments" ("id" bigserial primary key, "author_name" character varying, "body" text, "article_id" bigint, "created_at" timestamp NOT NULL, "updated_at" timestamp NOT NULL)[0m
  ↳ db/schema.rb:41
  [1m[35m (53.1ms)[0m  [1m[35mCREATE  INDEX  "index_comments_on_article_id" ON "comments"  ("article_id")[0m
  ↳ db/schema.rb:41
  [1m[35m (0.3ms)[0m  [1m[35mDROP TABLE IF EXISTS "taggings" CASCADE[0m
  ↳ db/schema.rb:50
  [1m[35m (54.6ms)[0m  [1m[35mCREATE TABLE "taggings" ("id" bigserial primary key, "tag_id" bigint, "article_id" bigint, "created_at" timestamp NOT NULL, "updated_at" timestamp NOT NULL)[0m
  ↳ db/schema.rb:50
  [1m[35m (53.2ms)[0m  [1m[35mCREATE  INDEX  "index_taggings_on_article_id" ON "taggings"  ("article_id")[0m
  ↳ db/schema.rb:50
  [1m[35m (53.2ms)[0m  [1m[35mCREATE  INDEX  "index_taggings_on_tag_id" ON "taggings"  ("tag_id")[0m
  ↳ db/schema.rb:50
  [1m[35m (0.2ms)[0m  [1m[35mDROP TABLE IF EXISTS "tags" CASCADE[0m
  ↳ db/schema.rb:59
  [1m[35m (88.1ms)[0m  [1m[35mCREATE TABLE "tags" ("id" bigserial primary key, "name" character varying, "created_at" timestamp NOT NULL, "updated_at" timestamp NOT NULL)[0m
  ↳ db/schema.rb:59
  [1m[35m (10.5ms)[0m  [1m[35mALTER TABLE "comments" ADD CONSTRAINT "fk_rails_3bf61a60d3"
FOREIGN KEY ("article_id")
  REFERENCES "articles" ("id")
[0m
  ↳ db/schema.rb:65
  [1m[35m (10.3ms)[0m  [1m[35mALTER TABLE "taggings" ADD CONSTRAINT "fk_rails_50f62c287b"
FOREIGN KEY ("article_id")
  REFERENCES "articles" ("id")
[0m
  ↳ db/schema.rb:66
  [1m[35m (10.4ms)[0m  [1m[35mALTER TABLE "taggings" ADD CONSTRAINT "fk_rails_9fcd2e236b"
FOREIGN KEY ("tag_id")
  REFERENCES "tags" ("id")
[0m
  ↳ db/schema.rb:67
  [1m[35m (107.6ms)[0m  [1m[35mCREATE TABLE "schema_migrations" ("version" character varying NOT NULL PRIMARY KEY)[0m
  ↳ db/schema.rb:13
  [1m[35m (0.7ms)[0m  [1m[34mSELECT "schema_migrations"."version" FROM "schema_migrations" ORDER BY "schema_migrations"."version" ASC[0m
  ↳ db/schema.rb:13
  [1m[35m (4.5ms)[0m  [1m[32mINSERT INTO "schema_migrations" (version) VALUES (20201005191252)[0m
  ↳ db/schema.rb:13
  [1m[35m (10.7ms)[0m  [1m[32mINSERT INTO "schema_migrations" (version) VALUES
(20201001124739),
(20201003125624),
(20201003134319),
(20201003120342),
(20201004195155),
(20201003120315),
(20201002134711);

[0m
  ↳ db/schema.rb:13
  [1m[35m (97.4ms)[0m  [1m[35mCREATE TABLE "ar_internal_metadata" ("key" character varying NOT NULL PRIMARY KEY, "value" character varying, "created_at" timestamp NOT NULL, "updated_at" timestamp NOT NULL)[0m
  ↳ db/schema.rb:13
  [1m[36mActiveRecord::InternalMetadata Load (0.5ms)[0m  [1m[34mSELECT  "ar_internal_metadata".* FROM "ar_internal_metadata" WHERE "ar_internal_metadata"."key" = $1 LIMIT $2[0m  [["key", "environment"], ["LIMIT", 1]]
  ↳ db/schema.rb:13
  [1m[35m (0.2ms)[0m  [1m[35mBEGIN[0m
  ↳ db/schema.rb:13
  [1m[36mActiveRecord::InternalMetadata Create (0.6ms)[0m  [1m[32mINSERT INTO "ar_internal_metadata" ("key", "value", "created_at", "updated_at") VALUES ($1, $2, $3, $4) RETURNING "key"[0m  [["key", "environment"], ["value", "development"], ["created_at", "2021-04-12 04:19:14.098171"], ["updated_at", "2021-04-12 04:19:14.098171"]]
  ↳ db/schema.rb:13
  [1m[35m (4.9ms)[0m  [1m[35mCOMMIT[0m
  ↳ db/schema.rb:13
  [1m[36mActiveRecord::InternalMetadata Load (0.3ms)[0m  [1m[34mSELECT  "ar_internal_metadata".* FROM "ar_internal_metadata" WHERE "ar_internal_metadata"."key" = $1 LIMIT $2[0m  [["key", "environment"], ["LIMIT", 1]]
  ↳ /home/harsh/.rvm/gems/ruby-2.6.5@blogger/bin/rake:23
  [1m[35m (0.2ms)[0m  [1m[35mBEGIN[0m
  ↳ /home/harsh/.rvm/gems/ruby-2.6.5@blogger/bin/rake:23
  [1m[35m (0.3ms)[0m  [1m[35mCOMMIT[0m
  ↳ /home/harsh/.rvm/gems/ruby-2.6.5@blogger/bin/rake:23
  [1m[35mSQL (0.4ms)[0m  [1m[35mCREATE EXTENSION IF NOT EXISTS "plpgsql"[0m
  ↳ db/schema.rb:16
  [1m[35m (1.4ms)[0m  [1m[35mDROP TABLE IF EXISTS "articles" CASCADE[0m
  ↳ db/schema.rb:18
  [1m[35m (102.6ms)[0m  [1m[35mCREATE TABLE "articles" ("id" bigserial primary key, "title" character varying, "body" text, "created_at" timestamp NOT NULL, "updated_at" timestamp NOT NULL, "image_file_name" character varying, "image_content_type" character varying, "image_file_size" integer, "image_updated_at" timestamp, "view_count" integer DEFAULT 0, "author_id" integer)[0m
  ↳ db/schema.rb:18
  [1m[35m (0.2ms)[0m  [1m[35mDROP TABLE IF EXISTS "authors" CASCADE[0m
  ↳ db/schema.rb:31
  [1m[35m (89.1ms)[0m  [1m[35mCREATE TABLE "authors" ("id" bigserial primary key, "username" character varying NOT NULL, "email" character varying NOT NULL, "crypted_password" character varying NOT NULL, "salt" character varying NOT NULL, "created_at" timestamp NOT NULL, "updated_at" timestamp NOT NULL)[0m
  ↳ db/schema.rb:31
  [1m[35m (51.7ms)[0m  [1m[35mCREATE UNIQUE INDEX  "index_authors_on_email" ON "authors"  ("email")[0m
  ↳ db/schema.rb:31
  [1m[35m (0.3ms)[0m  [1m[35mDROP TABLE IF EXISTS "comments" CASCADE[0m
  ↳ db/schema.rb:41
  [1m[35m (86.6ms)[0m  [1m[35mCREATE TABLE "comments" ("id" bigserial primary key, "author_name" character varying, "body" text, "article_id" bigint, "created_at" timestamp NOT NULL, "updated_at" timestamp NOT NULL)[0m
  ↳ db/schema.rb:41
  [1m[35m (63.4ms)[0m  [1m[35mCREATE  INDEX  "index_comments_on_article_id" ON "comments"  ("article_id")[0m
  ↳ db/schema.rb:41
  [1m[35m (0.3ms)[0m  [1m[35mDROP TABLE IF EXISTS "taggings" CASCADE[0m
  ↳ db/schema.rb:50
  [1m[35m (54.0ms)[0m  [1m[35mCREATE TABLE "taggings" ("id" bigserial primary key, "tag_id" bigint, "article_id" bigint, "created_at" timestamp NOT NULL, "updated_at" timestamp NOT NULL)[0m
  ↳ db/schema.rb:50
  [1m[35m (53.2ms)[0m  [1m[35mCREATE  INDEX  "index_taggings_on_article_id" ON "taggings"  ("article_id")[0m
  ↳ db/schema.rb:50
  [1m[35m (52.4ms)[0m  [1m[35mCREATE  INDEX  "index_taggings_on_tag_id" ON "taggings"  ("tag_id")[0m
  ↳ db/schema.rb:50
  [1m[35m (0.3ms)[0m  [1m[35mDROP TABLE IF EXISTS "tags" CASCADE[0m
  ↳ db/schema.rb:59
  [1m[35m (109.1ms)[0m  [1m[35mCREATE TABLE "tags" ("id" bigserial primary key, "name" character varying, "created_at" timestamp NOT NULL, "updated_at" timestamp NOT NULL)[0m
  ↳ db/schema.rb:59
  [1m[35m (10.5ms)[0m  [1m[35mALTER TABLE "comments" ADD CONSTRAINT "fk_rails_3bf61a60d3"
FOREIGN KEY ("article_id")
  REFERENCES "articles" ("id")
[0m
  ↳ db/schema.rb:65
  [1m[35m (9.3ms)[0m  [1m[35mALTER TABLE "taggings" ADD CONSTRAINT "fk_rails_50f62c287b"
FOREIGN KEY ("article_id")
  REFERENCES "articles" ("id")
[0m
  ↳ db/schema.rb:66
  [1m[35m (10.4ms)[0m  [1m[35mALTER TABLE "taggings" ADD CONSTRAINT "fk_rails_9fcd2e236b"
FOREIGN KEY ("tag_id")
  REFERENCES "tags" ("id")
[0m
  ↳ db/schema.rb:67
  [1m[35m (98.1ms)[0m  [1m[35mCREATE TABLE "schema_migrations" ("version" character varying NOT NULL PRIMARY KEY)[0m
  ↳ db/schema.rb:13
  [1m[35m (0.8ms)[0m  [1m[34mSELECT "schema_migrations"."version" FROM "schema_migrations" ORDER BY "schema_migrations"."version" ASC[0m
  ↳ db/schema.rb:13
  [1m[35m (8.9ms)[0m  [1m[32mINSERT INTO "schema_migrations" (version) VALUES (20201005191252)[0m
  ↳ db/schema.rb:13
  [1m[35m (9.8ms)[0m  [1m[32mINSERT INTO "schema_migrations" (version) VALUES
(20201001124739),
(20201003125624),
(20201003134319),
(20201003120342),
(20201004195155),
(20201003120315),
(20201002134711);

[0m
  ↳ db/schema.rb:13
  [1m[35m (221.3ms)[0m  [1m[35mCREATE TABLE "ar_internal_metadata" ("key" character varying NOT NULL PRIMARY KEY, "value" character varying, "created_at" timestamp NOT NULL, "updated_at" timestamp NOT NULL)[0m
  ↳ db/schema.rb:13
  [1m[36mActiveRecord::InternalMetadata Load (0.4ms)[0m  [1m[34mSELECT  "ar_internal_metadata".* FROM "ar_internal_metadata" WHERE "ar_internal_metadata"."key" = $1 LIMIT $2[0m  [["key", "environment"], ["LIMIT", 1]]
  ↳ db/schema.rb:13
  [1m[35m (0.2ms)[0m  [1m[35mBEGIN[0m
  ↳ db/schema.rb:13
  [1m[36mActiveRecord::InternalMetadata Create (0.5ms)[0m  [1m[32mINSERT INTO "ar_internal_metadata" ("key", "value", "created_at", "updated_at") VALUES ($1, $2, $3, $4) RETURNING "key"[0m  [["key", "environment"], ["value", "development"], ["created_at", "2021-04-12 04:19:15.204578"], ["updated_at", "2021-04-12 04:19:15.204578"]]
  ↳ db/schema.rb:13
  [1m[35m (4.6ms)[0m  [1m[35mCOMMIT[0m
  ↳ db/schema.rb:13
  [1m[36mActiveRecord::InternalMetadata Load (0.3ms)[0m  [1m[34mSELECT  "ar_internal_metadata".* FROM "ar_internal_metadata" WHERE "ar_internal_metadata"."key" = $1 LIMIT $2[0m  [["key", "environment"], ["LIMIT", 1]]
  ↳ /home/harsh/.rvm/gems/ruby-2.6.5@blogger/bin/rake:23
  [1m[35m (0.1ms)[0m  [1m[35mBEGIN[0m
  ↳ /home/harsh/.rvm/gems/ruby-2.6.5@blogger/bin/rake:23
  [1m[36mActiveRecord::InternalMetadata Update (0.4ms)[0m  [1m[33mUPDATE "ar_internal_metadata" SET "value" = $1, "updated_at" = $2 WHERE "ar_internal_metadata"."key" = $3[0m  [["value", "test"], ["updated_at", "2021-04-12 04:19:15.214074"], ["key", "environment"]]
  ↳ /home/harsh/.rvm/gems/ruby-2.6.5@blogger/bin/rake:23
  [1m[35m (5.5ms)[0m  [1m[35mCOMMIT[0m
  ↳ /home/harsh/.rvm/gems/ruby-2.6.5@blogger/bin/rake:23
  [1m[35m (0.7ms)[0m  [1m[34mSELECT "schema_migrations"."version" FROM "schema_migrations" ORDER BY "schema_migrations"."version" ASC[0m
  ↳ /home/harsh/.rvm/gems/ruby-2.6.5@blogger/bin/rake:23
  [1m[35m (0.2ms)[0m  [1m[34mSELECT pg_try_advisory_lock(5565347226186074040)[0m
  ↳ /home/harsh/.rvm/gems/ruby-2.6.5@blogger/bin/rake:23
  [1m[35m (0.6ms)[0m  [1m[34mSELECT "schema_migrations"."version" FROM "schema_migrations" ORDER BY "schema_migrations"."version" ASC[0m
  ↳ /home/harsh/.rvm/gems/ruby-2.6.5@blogger/bin/rake:23
  [1m[36mActiveRecord::InternalMetadata Load (0.4ms)[0m  [1m[34mSELECT  "ar_internal_metadata".* FROM "ar_internal_metadata" WHERE "ar_internal_metadata"."key" = $1 LIMIT $2[0m  [["key", "environment"], ["LIMIT", 1]]
  ↳ /home/harsh/.rvm/gems/ruby-2.6.5@blogger/bin/rake:23
  [1m[35m (0.2ms)[0m  [1m[35mBEGIN[0m
  ↳ /home/harsh/.rvm/gems/ruby-2.6.5@blogger/bin/rake:23
  [1m[35m (11.4ms)[0m  [1m[35mCOMMIT[0m
  ↳ /home/harsh/.rvm/gems/ruby-2.6.5@blogger/bin/rake:23
  [1m[35m (0.8ms)[0m  [1m[34mSELECT pg_advisory_unlock(5565347226186074040)[0m
  ↳ /home/harsh/.rvm/gems/ruby-2.6.5@blogger/bin/rake:23
  [1m[35m (0.3ms)[0m  [1m[34mSELECT "schema_migrations"."version" FROM "schema_migrations" ORDER BY "schema_migrations"."version" ASC[0m
  ↳ /home/harsh/.rvm/gems/ruby-2.6.5@blogger/bin/rake:23
Started GET "/" for ::1 at 2021-04-12 09:49:27 +0530
  [1m[35m (0.9ms)[0m  [1m[34mSELECT "schema_migrations"."version" FROM "schema_migrations" ORDER BY "schema_migrations"."version" ASC[0m
  ↳ /home/harsh/.rvm/gems/ruby-2.6.5@blogger/gems/activerecord-5.2.4.4/lib/active_record/log_subscriber.rb:98
Processing by ArticlesController#index as HTML
  [1m[36mArticle Load (0.8ms)[0m  [1m[34mSELECT  "articles".* FROM "articles" ORDER BY view_count DESC LIMIT $1[0m  [["LIMIT", 3]]
  ↳ app/controllers/articles_controller.rb:8
  Rendering articles/index.html.erb within layouts/application
  [1m[36mArticle Load (0.3ms)[0m  [1m[34mSELECT "articles".* FROM "articles"[0m
  ↳ app/views/articles/index.html.erb:18
  Rendered articles/index.html.erb within layouts/application (2.5ms)
Completed 200 OK in 790ms (Views: 747.1ms | ActiveRecord: 2.6ms)


Started GET "/login" for ::1 at 2021-04-12 09:49:30 +0530
Processing by AuthorSessionsController#new as HTML
  Rendering author_sessions/new.html.erb within layouts/application
  Rendered author_sessions/new.html.erb within layouts/application (1.5ms)
Completed 200 OK in 39ms (Views: 38.5ms | ActiveRecord: 0.0ms)


Started GET "/authors/new" for ::1 at 2021-04-12 09:49:42 +0530
Processing by AuthorsController#new as HTML
  Rendering authors/new.html.erb within layouts/application
  Rendered authors/_form.html.erb (24.9ms)
  Rendered authors/new.html.erb within layouts/application (26.9ms)
Completed 200 OK in 86ms (Views: 62.3ms | ActiveRecord: 6.5ms)


Started POST "/authors" for ::1 at 2021-04-12 09:50:07 +0530
Processing by AuthorsController#create as HTML
  Parameters: {"utf8"=>"✓", "authenticity_token"=>"WXT7/Jupx0/m+/qviF6BYYEQc5tOs9Gs7Ti+ugjszKDA40v/23yS8KUiSNusNcOC0NfGzrRqmyBnkvrQ+WEgAw==", "author"=>{"username"=>"harsh", "email"=>"harsh.patel.hp846@gmail.com", "password"=>"[FILTERED]", "password_confirmation"=>"[FILTERED]"}, "commit"=>"Create Author"}
  [1m[35m (0.2ms)[0m  [1m[35mBEGIN[0m
  ↳ app/controllers/authors_controller.rb:39
  [1m[36mAuthor Create (0.8ms)[0m  [1m[32mINSERT INTO "authors" ("username", "email", "crypted_password", "salt", "created_at", "updated_at") VALUES ($1, $2, $3, $4, $5, $6) RETURNING "id"[0m  [["username", "harsh"], ["email", "harsh.patel.hp846@gmail.com"], ["crypted_password", "$2a$10$c5GbnB8slemaMfBQwv9exuc10zzRvfLUULXm2K9SpXe3gxD2SkrsO"], ["salt", "RQKeGg3q3PuJaYTVcx-y"], ["created_at", "2021-04-12 04:20:07.312131"], ["updated_at", "2021-04-12 04:20:07.312131"]]
  ↳ app/controllers/authors_controller.rb:39
  [1m[35m (20.6ms)[0m  [1m[35mCOMMIT[0m
  ↳ app/controllers/authors_controller.rb:39
Redirected to http://localhost:3000/authors/1
Completed 302 Found in 124ms (ActiveRecord: 21.6ms)


Started GET "/authors/1" for ::1 at 2021-04-12 09:50:07 +0530
Processing by AuthorsController#show as HTML
  Parameters: {"id"=>"1"}
  [1m[36mAuthor Load (0.3ms)[0m  [1m[34mSELECT  "authors".* FROM "authors" WHERE "authors"."id" = $1 LIMIT $2[0m  [["id", 1], ["LIMIT", 1]]
  ↳ app/controllers/authors_controller.rb:76
Redirected to http://localhost:3000/
Filter chain halted as :require_login rendered or redirected
Completed 302 Found in 4ms (ActiveRecord: 0.5ms)


Started GET "/" for ::1 at 2021-04-12 09:50:07 +0530
Processing by ArticlesController#index as HTML
  [1m[36mArticle Load (0.5ms)[0m  [1m[34mSELECT  "articles".* FROM "articles" ORDER BY view_count DESC LIMIT $1[0m  [["LIMIT", 3]]
  ↳ app/controllers/articles_controller.rb:8
  Rendering articles/index.html.erb within layouts/application
  [1m[36mArticle Load (0.3ms)[0m  [1m[34mSELECT "articles".* FROM "articles"[0m
  ↳ app/views/articles/index.html.erb:18
  Rendered articles/index.html.erb within layouts/application (1.7ms)
Completed 200 OK in 33ms (Views: 29.1ms | ActiveRecord: 0.8ms)


Started GET "/login" for ::1 at 2021-04-12 09:50:29 +0530
Processing by AuthorSessionsController#new as HTML
  Rendering author_sessions/new.html.erb within layouts/application
  Rendered author_sessions/new.html.erb within layouts/application (1.4ms)
Completed 200 OK in 38ms (Views: 37.4ms | ActiveRecord: 0.0ms)


Started POST "/author_sessions" for ::1 at 2021-04-12 09:50:31 +0530
Processing by AuthorSessionsController#create as HTML
  Parameters: {"utf8"=>"✓", "authenticity_token"=>"P1VZ3Sllvu1fIwaDtPk1Qy/MTvv/q4wacVJQharylSQoo2bMTiFqRkbsgkFgbRohDd0qbwexEEzj36H3YBN32w==", "email"=>"harsh", "password"=>"[FILTERED]", "commit"=>"Login"}
  [1m[36mAuthor Load (0.6ms)[0m  [1m[34mSELECT  "authors".* FROM "authors" WHERE "authors"."email" = 'harsh' ORDER BY "authors"."id" ASC LIMIT $1[0m  [["LIMIT", 1]]
  ↳ app/controllers/author_sessions_controller.rb:7
  Rendering author_sessions/new.html.erb within layouts/application
  Rendered author_sessions/new.html.erb within layouts/application (1.0ms)
Completed 200 OK in 43ms (Views: 39.0ms | ActiveRecord: 0.6ms)


Started POST "/author_sessions" for ::1 at 2021-04-12 09:50:42 +0530
Processing by AuthorSessionsController#create as HTML
  Parameters: {"utf8"=>"✓", "authenticity_token"=>"yO/ZUvZIaaXeeSy6rsDCw3UrA7cSF5h1bfev/FQDKDFHa7t+CHxzXgM4Prtc4b9eQ8Ov+/KKrcIfgy6fx4sSBg==", "email"=>"harsh.patel.hp846@gmail.com", "password"=>"[FILTERED]", "commit"=>"Login"}
  [1m[36mAuthor Load (0.9ms)[0m  [1m[34mSELECT  "authors".* FROM "authors" WHERE "authors"."email" = 'harsh.patel.hp846@gmail.com' ORDER BY "authors"."id" ASC LIMIT $1[0m  [["LIMIT", 1]]
  ↳ app/controllers/author_sessions_controller.rb:7
Redirected to http://localhost:3000/articles
Completed 302 Found in 196ms (ActiveRecord: 0.9ms)


Started GET "/articles" for ::1 at 2021-04-12 09:50:42 +0530
Processing by ArticlesController#index as HTML
  [1m[36mArticle Load (0.6ms)[0m  [1m[34mSELECT  "articles".* FROM "articles" ORDER BY view_count DESC LIMIT $1[0m  [["LIMIT", 3]]
  ↳ app/controllers/articles_controller.rb:8
  Rendering articles/index.html.erb within layouts/application
  [1m[36mArticle Load (0.3ms)[0m  [1m[34mSELECT "articles".* FROM "articles"[0m
  ↳ app/views/articles/index.html.erb:18
  [1m[36mAuthor Load (0.4ms)[0m  [1m[34mSELECT  "authors".* FROM "authors" WHERE "authors"."id" = $1 LIMIT $2[0m  [["id", 1], ["LIMIT", 1]]
  ↳ app/views/articles/index.html.erb:31
  Rendered articles/index.html.erb within layouts/application (4.2ms)
Completed 200 OK in 39ms (Views: 36.0ms | ActiveRecord: 1.3ms)


Started GET "/articles/new" for ::1 at 2021-04-12 09:50:47 +0530
Processing by ArticlesController#new as HTML
  [1m[36mAuthor Load (0.3ms)[0m  [1m[34mSELECT  "authors".* FROM "authors" WHERE "authors"."id" = $1 LIMIT $2[0m  [["id", 1], ["LIMIT", 1]]
  ↳ /home/harsh/.rvm/gems/ruby-2.6.5@blogger/gems/activerecord-5.2.4.4/lib/active_record/log_subscriber.rb:98
  Rendering articles/new.html.erb within layouts/application
  Rendered articles/_form.html.erb (38.3ms)
  Rendered articles/new.html.erb within layouts/application (41.0ms)
Completed 200 OK in 94ms (Views: 72.0ms | ActiveRecord: 3.6ms)


Started POST "/articles" for ::1 at 2021-04-12 09:51:10 +0530
Processing by ArticlesController#create as HTML
  Parameters: {"utf8"=>"✓", "authenticity_token"=>"M3NdDCduYjzg5jw6iejuQXNfHuNNGkCIWDDfZvxZ912fvl5qnUHOykQRDOYVcfc0XJC7OdJMJkDNh9rI+NgZQQ==", "article"=>{"title"=>"New article", "body"=>"Testing of new article", "tag_list"=>"test new"}, "commit"=>"Create Article"}
  [1m[36mAuthor Load (0.4ms)[0m  [1m[34mSELECT  "authors".* FROM "authors" WHERE "authors"."id" = $1 LIMIT $2[0m  [["id", 1], ["LIMIT", 1]]
  ↳ /home/harsh/.rvm/gems/ruby-2.6.5@blogger/gems/activerecord-5.2.4.4/lib/active_record/log_subscriber.rb:98
  [1m[36mTag Load (0.3ms)[0m  [1m[34mSELECT  "tags".* FROM "tags" WHERE "tags"."name" = $1 LIMIT $2[0m  [["name", "test new"], ["LIMIT", 1]]
  ↳ app/models/article.rb:16
  [1m[35m (0.2ms)[0m  [1m[35mBEGIN[0m
  ↳ app/models/article.rb:16
  [1m[36mTag Create (0.7ms)[0m  [1m[32mINSERT INTO "tags" ("name", "created_at", "updated_at") VALUES ($1, $2, $3) RETURNING "id"[0m  [["name", "test new"], ["created_at", "2021-04-12 04:21:10.142508"], ["updated_at", "2021-04-12 04:21:10.142508"]]
  ↳ app/models/article.rb:16
  [1m[35m (28.7ms)[0m  [1m[35mCOMMIT[0m
  ↳ app/models/article.rb:16
  [1m[35m (0.2ms)[0m  [1m[35mBEGIN[0m
  ↳ app/controllers/articles_controller.rb:25
  [1m[36mAuthor Load (0.6ms)[0m  [1m[34mSELECT  "authors".* FROM "authors" WHERE "authors"."id" = $1 LIMIT $2[0m  [["id", 1], ["LIMIT", 1]]
  ↳ app/controllers/articles_controller.rb:25
  [1m[36mArticle Create (0.9ms)[0m  [1m[32mINSERT INTO "articles" ("title", "body", "created_at", "updated_at", "author_id") VALUES ($1, $2, $3, $4, $5) RETURNING "id"[0m  [["title", "New article"], ["body", "Testing of new article"], ["created_at", "2021-04-12 04:21:10.202285"], ["updated_at", "2021-04-12 04:21:10.202285"], ["author_id", 1]]
  ↳ app/controllers/articles_controller.rb:25
  [1m[36mTagging Create (1.0ms)[0m  [1m[32mINSERT INTO "taggings" ("tag_id", "article_id", "created_at", "updated_at") VALUES ($1, $2, $3, $4) RETURNING "id"[0m  [["tag_id", 1], ["article_id", 1], ["created_at", "2021-04-12 04:21:10.206879"], ["updated_at", "2021-04-12 04:21:10.206879"]]
  ↳ app/controllers/articles_controller.rb:25
  [1m[35m (18.2ms)[0m  [1m[35mCOMMIT[0m
  ↳ app/controllers/articles_controller.rb:25
Redirected to http://localhost:3000/articles/1
Completed 302 Found in 106ms (ActiveRecord: 60.1ms)


Started GET "/articles/1" for ::1 at 2021-04-12 09:51:10 +0530
Processing by ArticlesController#show as HTML
  Parameters: {"id"=>"1"}
  [1m[36mArticle Load (0.3ms)[0m  [1m[34mSELECT  "articles".* FROM "articles" WHERE "articles"."id" = $1 LIMIT $2[0m  [["id", 1], ["LIMIT", 1]]
  ↳ app/controllers/articles_controller.rb:12
  [1m[36mArticle Update All (10.0ms)[0m  [1m[33mUPDATE "articles" SET "view_count" = COALESCE("view_count", 0) + 1 WHERE "articles"."id" = $1[0m  [["id", 1]]
  ↳ app/models/article.rb:21
  Rendering articles/show.html.erb within layouts/application
  [1m[36mTag Load (0.7ms)[0m  [1m[34mSELECT "tags".* FROM "tags" INNER JOIN "taggings" ON "tags"."id" = "taggings"."tag_id" WHERE "taggings"."article_id" = $1[0m  [["article_id", 1]]
  ↳ app/views/articles/show.html.erb:5
  [1m[36mAuthor Load (0.7ms)[0m  [1m[34mSELECT  "authors".* FROM "authors" WHERE "authors"."id" = $1 LIMIT $2[0m  [["id", 1], ["LIMIT", 1]]
  ↳ app/views/articles/show.html.erb:19
  [1m[35m (0.6ms)[0m  [1m[34mSELECT COUNT(*) FROM "comments" WHERE "comments"."article_id" = $1[0m  [["article_id", 1]]
  ↳ app/views/articles/show.html.erb:26
  Rendered collection of articles/_comment.html.erb [0 times] (0.0ms)
  Rendered comments/_form.html.erb (4.3ms)
  [1m[36mAuthor Load (0.5ms)[0m  [1m[34mSELECT  "authors".* FROM "authors" WHERE "authors"."id" = $1 LIMIT $2[0m  [["id", 1], ["LIMIT", 1]]
  ↳ app/views/articles/show.html.erb:33
  Rendered articles/show.html.erb within layouts/application (26.6ms)
Completed 200 OK in 87ms (Views: 59.4ms | ActiveRecord: 16.0ms)


Started GET "/articles" for ::1 at 2021-04-12 09:51:20 +0530
Processing by ArticlesController#index as HTML
  [1m[36mArticle Load (0.4ms)[0m  [1m[34mSELECT  "articles".* FROM "articles" ORDER BY view_count DESC LIMIT $1[0m  [["LIMIT", 3]]
  ↳ app/controllers/articles_controller.rb:8
  Rendering articles/index.html.erb within layouts/application
  [1m[36mArticle Load (0.4ms)[0m  [1m[34mSELECT "articles".* FROM "articles"[0m
  ↳ app/views/articles/index.html.erb:18
  [1m[36mAuthor Load (0.3ms)[0m  [1m[34mSELECT  "authors".* FROM "authors" WHERE "authors"."id" = $1 LIMIT $2[0m  [["id", 1], ["LIMIT", 1]]
  ↳ app/views/articles/index.html.erb:23
  [1m[36mAuthor Load (1.2ms)[0m  [1m[34mSELECT  "authors".* FROM "authors" WHERE "authors"."id" = $1 LIMIT $2[0m  [["id", 1], ["LIMIT", 1]]
  ↳ app/views/articles/index.html.erb:31
  Rendered articles/index.html.erb within layouts/application (7.0ms)
Completed 200 OK in 39ms (Views: 33.8ms | ActiveRecord: 2.3ms)


Started GET "/articles/1" for ::1 at 2021-04-12 09:51:28 +0530
Processing by ArticlesController#show as HTML
  Parameters: {"id"=>"1"}
  [1m[36mArticle Load (0.5ms)[0m  [1m[34mSELECT  "articles".* FROM "articles" WHERE "articles"."id" = $1 LIMIT $2[0m  [["id", 1], ["LIMIT", 1]]
  ↳ app/controllers/articles_controller.rb:12
  [1m[36mArticle Update All (10.3ms)[0m  [1m[33mUPDATE "articles" SET "view_count" = COALESCE("view_count", 0) + 1 WHERE "articles"."id" = $1[0m  [["id", 1]]
  ↳ app/models/article.rb:21
  Rendering articles/show.html.erb within layouts/application
  [1m[36mTag Load (0.6ms)[0m  [1m[34mSELECT "tags".* FROM "tags" INNER JOIN "taggings" ON "tags"."id" = "taggings"."tag_id" WHERE "taggings"."article_id" = $1[0m  [["article_id", 1]]
  ↳ app/views/articles/show.html.erb:5
  [1m[36mAuthor Load (0.3ms)[0m  [1m[34mSELECT  "authors".* FROM "authors" WHERE "authors"."id" = $1 LIMIT $2[0m  [["id", 1], ["LIMIT", 1]]
  ↳ app/views/articles/show.html.erb:19
  [1m[35m (0.5ms)[0m  [1m[34mSELECT COUNT(*) FROM "comments" WHERE "comments"."article_id" = $1[0m  [["article_id", 1]]
  ↳ app/views/articles/show.html.erb:26
  Rendered collection of articles/_comment.html.erb [0 times] (0.0ms)
  Rendered comments/_form.html.erb (2.6ms)
  [1m[36mAuthor Load (0.4ms)[0m  [1m[34mSELECT  "authors".* FROM "authors" WHERE "authors"."id" = $1 LIMIT $2[0m  [["id", 1], ["LIMIT", 1]]
  ↳ app/views/articles/show.html.erb:33
  Rendered articles/show.html.erb within layouts/application (14.7ms)
Completed 200 OK in 80ms (Views: 63.7ms | ActiveRecord: 12.7ms)


Started GET "/articles/1/edit" for ::1 at 2021-04-12 09:51:41 +0530
Processing by ArticlesController#edit as HTML
  Parameters: {"id"=>"1"}
  [1m[36mAuthor Load (0.3ms)[0m  [1m[34mSELECT  "authors".* FROM "authors" WHERE "authors"."id" = $1 LIMIT $2[0m  [["id", 1], ["LIMIT", 1]]
  ↳ /home/harsh/.rvm/gems/ruby-2.6.5@blogger/gems/activerecord-5.2.4.4/lib/active_record/log_subscriber.rb:98
  [1m[36mArticle Load (0.5ms)[0m  [1m[34mSELECT  "articles".* FROM "articles" WHERE "articles"."id" = $1 LIMIT $2[0m  [["id", 1], ["LIMIT", 1]]
  ↳ app/controllers/articles_controller.rb:44
  Rendering articles/edit.html.erb within layouts/application
  [1m[36mTag Load (0.6ms)[0m  [1m[34mSELECT "tags".* FROM "tags" INNER JOIN "taggings" ON "tags"."id" = "taggings"."tag_id" WHERE "taggings"."article_id" = $1[0m  [["article_id", 1]]
  ↳ app/models/article.rb:11
  Rendered articles/_form.html.erb (5.6ms)
  Rendered articles/edit.html.erb within layouts/application (6.9ms)
Completed 200 OK in 73ms (Views: 68.6ms | ActiveRecord: 1.4ms)


Started PATCH "/articles/1" for ::1 at 2021-04-12 09:51:45 +0530
Processing by ArticlesController#update as HTML
  Parameters: {"utf8"=>"✓", "authenticity_token"=>"QRgb6uGbXSH3G3csnDOXWTz63PTBw0CEkJpOId2dB6E75su9llEP7TyYn7t971kJDLo0PI8IQrRBOHUTTzCLXA==", "article"=>{"title"=>"New article test", "body"=>"Testing of new article", "tag_list"=>"test new"}, "commit"=>"Update Article", "id"=>"1"}
  [1m[36mAuthor Load (0.3ms)[0m  [1m[34mSELECT  "authors".* FROM "authors" WHERE "authors"."id" = $1 LIMIT $2[0m  [["id", 1], ["LIMIT", 1]]
  ↳ /home/harsh/.rvm/gems/ruby-2.6.5@blogger/gems/activerecord-5.2.4.4/lib/active_record/log_subscriber.rb:98
  [1m[36mArticle Load (0.6ms)[0m  [1m[34mSELECT  "articles".* FROM "articles" WHERE "articles"."id" = $1 LIMIT $2[0m  [["id", 1], ["LIMIT", 1]]
  ↳ app/controllers/articles_controller.rb:52
  [1m[35m (0.3ms)[0m  [1m[35mBEGIN[0m
  ↳ app/controllers/articles_controller.rb:53
  [1m[36mTag Load (0.3ms)[0m  [1m[34mSELECT  "tags".* FROM "tags" WHERE "tags"."name" = $1 LIMIT $2[0m  [["name", "test new"], ["LIMIT", 1]]
  ↳ app/models/article.rb:16
  [1m[36mTag Load (0.8ms)[0m  [1m[34mSELECT "tags".* FROM "tags" INNER JOIN "taggings" ON "tags"."id" = "taggings"."tag_id" WHERE "taggings"."article_id" = $1[0m  [["article_id", 1]]
  ↳ app/models/article.rb:17
  [1m[36mAuthor Load (0.3ms)[0m  [1m[34mSELECT  "authors".* FROM "authors" WHERE "authors"."id" = $1 LIMIT $2[0m  [["id", 1], ["LIMIT", 1]]
  ↳ app/controllers/articles_controller.rb:53
  [1m[36mArticle Update (1.1ms)[0m  [1m[33mUPDATE "articles" SET "title" = $1, "updated_at" = $2 WHERE "articles"."id" = $3[0m  [["title", "New article test"], ["updated_at", "2021-04-12 04:21:45.672478"], ["id", 1]]
  ↳ app/controllers/articles_controller.rb:53
  [1m[35m (27.4ms)[0m  [1m[35mCOMMIT[0m
  ↳ app/controllers/articles_controller.rb:53
Redirected to http://localhost:3000/articles/1
Completed 302 Found in 44ms (ActiveRecord: 31.3ms)


Started GET "/articles/1" for ::1 at 2021-04-12 09:51:45 +0530
Processing by ArticlesController#show as HTML
  Parameters: {"id"=>"1"}
  [1m[36mArticle Load (0.3ms)[0m  [1m[34mSELECT  "articles".* FROM "articles" WHERE "articles"."id" = $1 LIMIT $2[0m  [["id", 1], ["LIMIT", 1]]
  ↳ app/controllers/articles_controller.rb:12
  [1m[36mArticle Update All (29.9ms)[0m  [1m[33mUPDATE "articles" SET "view_count" = COALESCE("view_count", 0) + 1 WHERE "articles"."id" = $1[0m  [["id", 1]]
  ↳ app/models/article.rb:21
  Rendering articles/show.html.erb within layouts/application
  [1m[36mTag Load (0.4ms)[0m  [1m[34mSELECT "tags".* FROM "tags" INNER JOIN "taggings" ON "tags"."id" = "taggings"."tag_id" WHERE "taggings"."article_id" = $1[0m  [["article_id", 1]]
  ↳ app/views/articles/show.html.erb:5
  [1m[36mAuthor Load (0.3ms)[0m  [1m[34mSELECT  "authors".* FROM "authors" WHERE "authors"."id" = $1 LIMIT $2[0m  [["id", 1], ["LIMIT", 1]]
  ↳ app/views/articles/show.html.erb:19
  [1m[35m (0.4ms)[0m  [1m[34mSELECT COUNT(*) FROM "comments" WHERE "comments"."article_id" = $1[0m  [["article_id", 1]]
  ↳ app/views/articles/show.html.erb:26
  Rendered collection of articles/_comment.html.erb [0 times] (0.0ms)
  Rendered comments/_form.html.erb (1.9ms)
  [1m[36mAuthor Load (0.2ms)[0m  [1m[34mSELECT  "authors".* FROM "authors" WHERE "authors"."id" = $1 LIMIT $2[0m  [["id", 1], ["LIMIT", 1]]
  ↳ app/views/articles/show.html.erb:33
  Rendered articles/show.html.erb within layouts/application (11.0ms)
Completed 200 OK in 71ms (Views: 35.7ms | ActiveRecord: 31.6ms)


Started POST "/articles/1/comments" for ::1 at 2021-04-12 09:51:58 +0530
Processing by CommentsController#create as HTML
  Parameters: {"utf8"=>"✓", "authenticity_token"=>"U1QzxGqFpMFaWIKlcP9R6Jt9W1ojfwFO7qG4EXgmPnXc0FHolLG+OocZkKSC3ix1rZX3FsPiNPmc1Tly664EQg==", "comment"=>{"author_name"=>"harsh", "body"=>"this is test comment"}, "commit"=>"Submit", "article_id"=>"1"}
  [1m[35m (0.5ms)[0m  [1m[35mBEGIN[0m
  ↳ app/controllers/comments_controller.rb:8
  [1m[36mArticle Load (0.4ms)[0m  [1m[34mSELECT  "articles".* FROM "articles" WHERE "articles"."id" = $1 LIMIT $2[0m  [["id", 1], ["LIMIT", 1]]
  ↳ app/controllers/comments_controller.rb:8
  [1m[36mComment Create (1.7ms)[0m  [1m[32mINSERT INTO "comments" ("author_name", "body", "article_id", "created_at", "updated_at") VALUES ($1, $2, $3, $4, $5) RETURNING "id"[0m  [["author_name", "harsh"], ["body", "this is test comment"], ["article_id", 1], ["created_at", "2021-04-12 04:21:58.862025"], ["updated_at", "2021-04-12 04:21:58.862025"]]
  ↳ app/controllers/comments_controller.rb:8
  [1m[35m (32.6ms)[0m  [1m[35mCOMMIT[0m
  ↳ app/controllers/comments_controller.rb:8
Redirected to http://localhost:3000/articles/1
Completed 302 Found in 47ms (ActiveRecord: 35.3ms)


Started GET "/articles/1" for ::1 at 2021-04-12 09:51:58 +0530
Processing by ArticlesController#show as HTML
  Parameters: {"id"=>"1"}
  [1m[36mArticle Load (0.8ms)[0m  [1m[34mSELECT  "articles".* FROM "articles" WHERE "articles"."id" = $1 LIMIT $2[0m  [["id", 1], ["LIMIT", 1]]
  ↳ app/controllers/articles_controller.rb:12
  [1m[36mArticle Update All (34.6ms)[0m  [1m[33mUPDATE "articles" SET "view_count" = COALESCE("view_count", 0) + 1 WHERE "articles"."id" = $1[0m  [["id", 1]]
  ↳ app/models/article.rb:21
  Rendering articles/show.html.erb within layouts/application
  [1m[36mTag Load (0.5ms)[0m  [1m[34mSELECT "tags".* FROM "tags" INNER JOIN "taggings" ON "tags"."id" = "taggings"."tag_id" WHERE "taggings"."article_id" = $1[0m  [["article_id", 1]]
  ↳ app/views/articles/show.html.erb:5
  [1m[36mAuthor Load (0.2ms)[0m  [1m[34mSELECT  "authors".* FROM "authors" WHERE "authors"."id" = $1 LIMIT $2[0m  [["id", 1], ["LIMIT", 1]]
  ↳ app/views/articles/show.html.erb:19
  [1m[35m (1.3ms)[0m  [1m[34mSELECT COUNT(*) FROM "comments" WHERE "comments"."article_id" = $1[0m  [["article_id", 1]]
  ↳ app/views/articles/show.html.erb:26
  [1m[36mComment Load (0.3ms)[0m  [1m[34mSELECT "comments".* FROM "comments" WHERE "comments"."article_id" = $1[0m  [["article_id", 1]]
  ↳ app/views/articles/show.html.erb:27
  Rendered collection of articles/_comment.html.erb [1 times] (1.2ms)
  Rendered comments/_form.html.erb (3.2ms)
  [1m[36mAuthor Load (0.3ms)[0m  [1m[34mSELECT  "authors".* FROM "authors" WHERE "authors"."id" = $1 LIMIT $2[0m  [["id", 1], ["LIMIT", 1]]
  ↳ app/views/articles/show.html.erb:33
  Rendered articles/show.html.erb within layouts/application (17.0ms)
Completed 200 OK in 81ms (Views: 40.1ms | ActiveRecord: 37.9ms)


Started GET "/articles" for ::1 at 2021-04-12 09:52:09 +0530
Processing by ArticlesController#index as HTML
  [1m[36mArticle Load (0.5ms)[0m  [1m[34mSELECT  "articles".* FROM "articles" ORDER BY view_count DESC LIMIT $1[0m  [["LIMIT", 3]]
  ↳ app/controllers/articles_controller.rb:8
  Rendering articles/index.html.erb within layouts/application
  [1m[36mArticle Load (3.0ms)[0m  [1m[34mSELECT "articles".* FROM "articles"[0m
  ↳ app/views/articles/index.html.erb:18
  [1m[36mAuthor Load (0.3ms)[0m  [1m[34mSELECT  "authors".* FROM "authors" WHERE "authors"."id" = $1 LIMIT $2[0m  [["id", 1], ["LIMIT", 1]]
  ↳ app/views/articles/index.html.erb:23
  [1m[36mAuthor Load (0.9ms)[0m  [1m[34mSELECT  "authors".* FROM "authors" WHERE "authors"."id" = $1 LIMIT $2[0m  [["id", 1], ["LIMIT", 1]]
  ↳ app/views/articles/index.html.erb:31
  Rendered articles/index.html.erb within layouts/application (8.8ms)
Completed 200 OK in 43ms (Views: 35.6ms | ActiveRecord: 4.6ms)


Started GET "/articles/1" for ::1 at 2021-04-12 09:52:11 +0530
Processing by ArticlesController#show as HTML
  Parameters: {"id"=>"1"}
  [1m[36mArticle Load (0.3ms)[0m  [1m[34mSELECT  "articles".* FROM "articles" WHERE "articles"."id" = $1 LIMIT $2[0m  [["id", 1], ["LIMIT", 1]]
  ↳ app/controllers/articles_controller.rb:12
  [1m[36mArticle Update All (36.9ms)[0m  [1m[33mUPDATE "articles" SET "view_count" = COALESCE("view_count", 0) + 1 WHERE "articles"."id" = $1[0m  [["id", 1]]
  ↳ app/models/article.rb:21
  Rendering articles/show.html.erb within layouts/application
  [1m[36mTag Load (0.3ms)[0m  [1m[34mSELECT "tags".* FROM "tags" INNER JOIN "taggings" ON "tags"."id" = "taggings"."tag_id" WHERE "taggings"."article_id" = $1[0m  [["article_id", 1]]
  ↳ app/views/articles/show.html.erb:5
  [1m[36mAuthor Load (0.3ms)[0m  [1m[34mSELECT  "authors".* FROM "authors" WHERE "authors"."id" = $1 LIMIT $2[0m  [["id", 1], ["LIMIT", 1]]
  ↳ app/views/articles/show.html.erb:19
  [1m[35m (0.4ms)[0m  [1m[34mSELECT COUNT(*) FROM "comments" WHERE "comments"."article_id" = $1[0m  [["article_id", 1]]
  ↳ app/views/articles/show.html.erb:26
  [1m[36mComment Load (0.4ms)[0m  [1m[34mSELECT "comments".* FROM "comments" WHERE "comments"."article_id" = $1[0m  [["article_id", 1]]
  ↳ app/views/articles/show.html.erb:27
  Rendered collection of articles/_comment.html.erb [1 times] (0.8ms)
  Rendered comments/_form.html.erb (1.5ms)
  [1m[36mAuthor Load (0.5ms)[0m  [1m[34mSELECT  "authors".* FROM "authors" WHERE "authors"."id" = $1 LIMIT $2[0m  [["id", 1], ["LIMIT", 1]]
  ↳ app/views/articles/show.html.erb:33
  Rendered articles/show.html.erb within layouts/application (14.0ms)
Completed 200 OK in 87ms (Views: 43.8ms | ActiveRecord: 39.1ms)


Started GET "/logout" for ::1 at 2021-04-12 09:52:15 +0530
Processing by AuthorSessionsController#destroy as HTML
  [1m[36mAuthor Load (0.3ms)[0m  [1m[34mSELECT  "authors".* FROM "authors" WHERE "authors"."id" = $1 LIMIT $2[0m  [["id", 1], ["LIMIT", 1]]
  ↳ app/controllers/author_sessions_controller.rb:16
Redirected to http://localhost:3000/authors
Completed 302 Found in 2ms (ActiveRecord: 0.3ms)


Started GET "/authors" for ::1 at 2021-04-12 09:52:15 +0530
Processing by AuthorsController#index as HTML
Redirected to http://localhost:3000/
Filter chain halted as :require_login rendered or redirected
Completed 302 Found in 1ms (ActiveRecord: 0.0ms)


Started GET "/" for ::1 at 2021-04-12 09:52:15 +0530
Processing by ArticlesController#index as HTML
  [1m[36mArticle Load (0.4ms)[0m  [1m[34mSELECT  "articles".* FROM "articles" ORDER BY view_count DESC LIMIT $1[0m  [["LIMIT", 3]]
  ↳ app/controllers/articles_controller.rb:8
  Rendering articles/index.html.erb within layouts/application
  [1m[36mArticle Load (0.4ms)[0m  [1m[34mSELECT "articles".* FROM "articles"[0m
  ↳ app/views/articles/index.html.erb:18
  [1m[36mAuthor Load (0.2ms)[0m  [1m[34mSELECT  "authors".* FROM "authors" WHERE "authors"."id" = $1 LIMIT $2[0m  [["id", 1], ["LIMIT", 1]]
  ↳ app/views/articles/index.html.erb:23
  Rendered articles/index.html.erb within layouts/application (4.1ms)
Completed 200 OK in 40ms (Views: 35.2ms | ActiveRecord: 1.0ms)


Started GET "/articles/1" for ::1 at 2021-04-12 09:52:18 +0530
Processing by ArticlesController#show as HTML
  Parameters: {"id"=>"1"}
  [1m[36mArticle Load (0.3ms)[0m  [1m[34mSELECT  "articles".* FROM "articles" WHERE "articles"."id" = $1 LIMIT $2[0m  [["id", 1], ["LIMIT", 1]]
  ↳ app/controllers/articles_controller.rb:12
  [1m[36mArticle Update All (67.3ms)[0m  [1m[33mUPDATE "articles" SET "view_count" = COALESCE("view_count", 0) + 1 WHERE "articles"."id" = $1[0m  [["id", 1]]
  ↳ app/models/article.rb:21
  Rendering articles/show.html.erb within layouts/application
  [1m[36mTag Load (0.3ms)[0m  [1m[34mSELECT "tags".* FROM "tags" INNER JOIN "taggings" ON "tags"."id" = "taggings"."tag_id" WHERE "taggings"."article_id" = $1[0m  [["article_id", 1]]
  ↳ app/views/articles/show.html.erb:5
  [1m[36mAuthor Load (0.2ms)[0m  [1m[34mSELECT  "authors".* FROM "authors" WHERE "authors"."id" = $1 LIMIT $2[0m  [["id", 1], ["LIMIT", 1]]
  ↳ app/views/articles/show.html.erb:19
  [1m[35m (0.4ms)[0m  [1m[34mSELECT COUNT(*) FROM "comments" WHERE "comments"."article_id" = $1[0m  [["article_id", 1]]
  ↳ app/views/articles/show.html.erb:26
  [1m[36mComment Load (0.3ms)[0m  [1m[34mSELECT "comments".* FROM "comments" WHERE "comments"."article_id" = $1[0m  [["article_id", 1]]
  ↳ app/views/articles/show.html.erb:27
  Rendered collection of articles/_comment.html.erb [1 times] (0.7ms)
  Rendered comments/_form.html.erb (1.8ms)
  Rendered articles/show.html.erb within layouts/application (11.0ms)
Completed 200 OK in 110ms (Views: 37.6ms | ActiveRecord: 68.8ms)


Started GET "/articles" for ::1 at 2021-04-12 09:52:22 +0530
Processing by ArticlesController#index as HTML
  [1m[36mArticle Load (1.1ms)[0m  [1m[34mSELECT  "articles".* FROM "articles" ORDER BY view_count DESC LIMIT $1[0m  [["LIMIT", 3]]
  ↳ app/controllers/articles_controller.rb:8
  Rendering articles/index.html.erb within layouts/application
  [1m[36mArticle Load (2.2ms)[0m  [1m[34mSELECT "articles".* FROM "articles"[0m
  ↳ app/views/articles/index.html.erb:18
  [1m[36mAuthor Load (0.3ms)[0m  [1m[34mSELECT  "authors".* FROM "authors" WHERE "authors"."id" = $1 LIMIT $2[0m  [["id", 1], ["LIMIT", 1]]
  ↳ app/views/articles/index.html.erb:23
  Rendered articles/index.html.erb within layouts/application (11.9ms)
Completed 200 OK in 58ms (Views: 51.0ms | ActiveRecord: 3.6ms)


Started GET "/articles" for ::1 at 2021-04-12 10:15:09 +0530
Processing by ArticlesController#index as HTML
  [1m[36mArticle Load (0.9ms)[0m  [1m[34mSELECT  "articles".* FROM "articles" ORDER BY view_count DESC LIMIT $1[0m  [["LIMIT", 3]]
  ↳ app/controllers/articles_controller.rb:8
  Rendering articles/index.html.erb within layouts/application
  [1m[36mArticle Load (0.3ms)[0m  [1m[34mSELECT "articles".* FROM "articles"[0m
  ↳ app/views/articles/index.html.erb:18
  [1m[36mAuthor Load (0.6ms)[0m  [1m[34mSELECT  "authors".* FROM "authors" WHERE "authors"."id" = $1 LIMIT $2[0m  [["id", 1], ["LIMIT", 1]]
  ↳ app/views/articles/index.html.erb:23
  Rendered articles/index.html.erb within layouts/application (4.5ms)
Completed 200 OK in 127ms (Views: 122.5ms | ActiveRecord: 1.9ms)


Started GET "/articles" for ::1 at 2021-04-12 10:15:26 +0530
Processing by ArticlesController#index as HTML
  [1m[36mArticle Load (1.7ms)[0m  [1m[34mSELECT  "articles".* FROM "articles" ORDER BY view_count DESC LIMIT $1[0m  [["LIMIT", 3]]
  ↳ app/controllers/articles_controller.rb:8
  Rendering articles/index.html.erb within layouts/application
  [1m[36mArticle Load (0.7ms)[0m  [1m[34mSELECT "articles".* FROM "articles"[0m
  ↳ app/views/articles/index.html.erb:18
  [1m[36mAuthor Load (1.0ms)[0m  [1m[34mSELECT  "authors".* FROM "authors" WHERE "authors"."id" = $1 LIMIT $2[0m  [["id", 1], ["LIMIT", 1]]
  ↳ app/views/articles/index.html.erb:23
  Rendered articles/index.html.erb within layouts/application (12.0ms)
Completed 200 OK in 197ms (Views: 186.6ms | ActiveRecord: 6.2ms)


Started GET "/articles" for ::1 at 2021-04-12 10:15:40 +0530
Processing by ArticlesController#index as HTML
  [1m[36mArticle Load (1.7ms)[0m  [1m[34mSELECT  "articles".* FROM "articles" ORDER BY view_count DESC LIMIT $1[0m  [["LIMIT", 3]]
  ↳ app/controllers/articles_controller.rb:8
  Rendering articles/index.html.erb within layouts/application
  [1m[36mArticle Load (0.4ms)[0m  [1m[34mSELECT "articles".* FROM "articles"[0m
  ↳ app/views/articles/index.html.erb:18
  [1m[36mAuthor Load (1.3ms)[0m  [1m[34mSELECT  "authors".* FROM "authors" WHERE "authors"."id" = $1 LIMIT $2[0m  [["id", 1], ["LIMIT", 1]]
  ↳ app/views/articles/index.html.erb:23
  Rendered articles/index.html.erb within layouts/application (5.6ms)
Completed 200 OK in 58ms (Views: 50.8ms | ActiveRecord: 3.6ms)


Started GET "/articles" for ::1 at 2021-04-12 10:15:55 +0530
Processing by ArticlesController#index as HTML
  [1m[36mArticle Load (0.9ms)[0m  [1m[34mSELECT  "articles".* FROM "articles" ORDER BY view_count DESC LIMIT $1[0m  [["LIMIT", 3]]
  ↳ app/controllers/articles_controller.rb:8
  Rendering articles/index.html.erb within layouts/application
  [1m[36mArticle Load (0.4ms)[0m  [1m[34mSELECT "articles".* FROM "articles"[0m
  ↳ app/views/articles/index.html.erb:18
  [1m[36mAuthor Load (0.9ms)[0m  [1m[34mSELECT  "authors".* FROM "authors" WHERE "authors"."id" = $1 LIMIT $2[0m  [["id", 1], ["LIMIT", 1]]
  ↳ app/views/articles/index.html.erb:23
  Rendered articles/index.html.erb within layouts/application (6.6ms)
Completed 200 OK in 77ms (Views: 72.1ms | ActiveRecord: 2.2ms)


Started GET "/articles" for ::1 at 2021-04-12 10:15:58 +0530
Processing by ArticlesController#index as HTML
  [1m[36mArticle Load (1.3ms)[0m  [1m[34mSELECT  "articles".* FROM "articles" ORDER BY view_count DESC LIMIT $1[0m  [["LIMIT", 3]]
  ↳ app/controllers/articles_controller.rb:8
  Rendering articles/index.html.erb within layouts/application
  [1m[36mArticle Load (0.4ms)[0m  [1m[34mSELECT "articles".* FROM "articles"[0m
  ↳ app/views/articles/index.html.erb:18
  [1m[36mAuthor Load (0.4ms)[0m  [1m[34mSELECT  "authors".* FROM "authors" WHERE "authors"."id" = $1 LIMIT $2[0m  [["id", 1], ["LIMIT", 1]]
  ↳ app/views/articles/index.html.erb:23
  Rendered articles/index.html.erb within layouts/application (5.4ms)
Completed 200 OK in 41ms (Views: 35.9ms | ActiveRecord: 2.4ms)


Started GET "/login" for ::1 at 2021-04-12 10:38:36 +0530
Processing by AuthorSessionsController#new as HTML
  Rendering author_sessions/new.html.erb within layouts/application
  Rendered author_sessions/new.html.erb within layouts/application (1.6ms)
Completed 200 OK in 24ms (Views: 23.5ms | ActiveRecord: 0.0ms)


Started POST "/author_sessions" for ::1 at 2021-04-12 10:38:37 +0530
Processing by AuthorSessionsController#create as HTML
  Parameters: {"utf8"=>"✓", "authenticity_token"=>"YglZbf9krGdq6nM+kx0uagXpvTMz56Vq2rexTDEJ/dki6Y4kCDzqnL+JHTa+gDI7k4+REVgcAjuMA/7dJV5MSA==", "email"=>"harsh.patel.hp846@gmail.com", "password"=>"[FILTERED]", "commit"=>"Login"}
  [1m[36mAuthor Load (1.1ms)[0m  [1m[34mSELECT  "authors".* FROM "authors" WHERE "authors"."email" = 'harsh.patel.hp846@gmail.com' ORDER BY "authors"."id" ASC LIMIT $1[0m  [["LIMIT", 1]]
  ↳ app/controllers/author_sessions_controller.rb:7
Redirected to http://localhost:3000/articles
Completed 302 Found in 193ms (ActiveRecord: 1.4ms)


Started GET "/articles" for ::1 at 2021-04-12 10:38:37 +0530
Processing by ArticlesController#index as HTML
  [1m[36mArticle Load (0.8ms)[0m  [1m[34mSELECT  "articles".* FROM "articles" ORDER BY view_count DESC LIMIT $1[0m  [["LIMIT", 3]]
  ↳ app/controllers/articles_controller.rb:8
  Rendering articles/index.html.erb within layouts/application
  [1m[36mArticle Load (0.3ms)[0m  [1m[34mSELECT "articles".* FROM "articles"[0m
  ↳ app/views/articles/index.html.erb:18
  [1m[36mAuthor Load (0.5ms)[0m  [1m[34mSELECT  "authors".* FROM "authors" WHERE "authors"."id" = $1 LIMIT $2[0m  [["id", 1], ["LIMIT", 1]]
  ↳ app/views/articles/index.html.erb:23
  [1m[36mAuthor Load (0.5ms)[0m  [1m[34mSELECT  "authors".* FROM "authors" WHERE "authors"."id" = $1 LIMIT $2[0m  [["id", 1], ["LIMIT", 1]]
  ↳ app/views/articles/index.html.erb:31
  Rendered articles/index.html.erb within layouts/application (6.5ms)
Completed 200 OK in 33ms (Views: 29.1ms | ActiveRecord: 2.1ms)


Started GET "/" for ::1 at 2021-04-20 22:46:02 +0530
  [1m[35m (25.5ms)[0m  [1m[34mSELECT "schema_migrations"."version" FROM "schema_migrations" ORDER BY "schema_migrations"."version" ASC[0m
  ↳ /home/harsh/.rvm/gems/ruby-2.6.5@blogger/gems/activerecord-5.2.4.4/lib/active_record/log_subscriber.rb:98
Processing by ArticlesController#index as HTML
  [1m[36mArticle Load (64.4ms)[0m  [1m[34mSELECT  "articles".* FROM "articles" ORDER BY view_count DESC LIMIT $1[0m  [["LIMIT", 3]]
  ↳ app/controllers/articles_controller.rb:8
  Rendering articles/index.html.erb within layouts/application
  [1m[36mArticle Load (0.4ms)[0m  [1m[34mSELECT "articles".* FROM "articles"[0m
  ↳ app/views/articles/index.html.erb:18
  [1m[36mAuthor Load (24.6ms)[0m  [1m[34mSELECT  "authors".* FROM "authors" WHERE "authors"."id" = $1 LIMIT $2[0m  [["id", 1], ["LIMIT", 1]]
  ↳ app/views/articles/index.html.erb:23
  [1m[36mAuthor Load (0.7ms)[0m  [1m[34mSELECT  "authors".* FROM "authors" WHERE "authors"."id" = $1 LIMIT $2[0m  [["id", 1], ["LIMIT", 1]]
  ↳ app/views/articles/index.html.erb:31
  Rendered articles/index.html.erb within layouts/application (154.0ms)
Completed 200 OK in 1331ms (Views: 1036.1ms | ActiveRecord: 169.5ms)


Started GET "/logout" for ::1 at 2021-04-20 22:46:13 +0530
Processing by AuthorSessionsController#destroy as HTML
  [1m[36mAuthor Load (0.5ms)[0m  [1m[34mSELECT  "authors".* FROM "authors" WHERE "authors"."id" = $1 LIMIT $2[0m  [["id", 1], ["LIMIT", 1]]
  ↳ app/controllers/author_sessions_controller.rb:16
Redirected to http://localhost:3000/authors
Completed 302 Found in 4ms (ActiveRecord: 0.7ms)


Started GET "/authors" for ::1 at 2021-04-20 22:46:13 +0530
Processing by AuthorsController#index as HTML
Redirected to http://localhost:3000/
Filter chain halted as :require_login rendered or redirected
Completed 302 Found in 2ms (ActiveRecord: 0.0ms)


Started GET "/" for ::1 at 2021-04-20 22:46:13 +0530
Processing by ArticlesController#index as HTML
  [1m[36mArticle Load (1.2ms)[0m  [1m[34mSELECT  "articles".* FROM "articles" ORDER BY view_count DESC LIMIT $1[0m  [["LIMIT", 3]]
  ↳ app/controllers/articles_controller.rb:8
  Rendering articles/index.html.erb within layouts/application
  [1m[36mArticle Load (0.5ms)[0m  [1m[34mSELECT "articles".* FROM "articles"[0m
  ↳ app/views/articles/index.html.erb:18
  [1m[36mAuthor Load (0.5ms)[0m  [1m[34mSELECT  "authors".* FROM "authors" WHERE "authors"."id" = $1 LIMIT $2[0m  [["id", 1], ["LIMIT", 1]]
  ↳ app/views/articles/index.html.erb:23
  Rendered articles/index.html.erb within layouts/application (3.9ms)
Completed 200 OK in 28ms (Views: 22.5ms | ActiveRecord: 2.1ms)


